{"/Users/juliemugira/projects/document_management/app.js":{"path":"/Users/juliemugira/projects/document_management/app.js","s":{"1":1,"2":1,"3":1,"4":1,"5":1,"6":1,"7":1,"8":1,"9":1,"10":2,"11":1},"b":{},"f":{},"fnMap":{},"statementMap":{"1":{"start":{"line":1,"column":0},"end":{"line":1,"column":35}},"2":{"start":{"line":2,"column":0},"end":{"line":2,"column":33}},"3":{"start":{"line":3,"column":0},"end":{"line":3,"column":42}},"4":{"start":{"line":6,"column":0},"end":{"line":6,"column":22}},"5":{"start":{"line":9,"column":0},"end":{"line":9,"column":23}},"6":{"start":{"line":12,"column":0},"end":{"line":12,"column":27}},"7":{"start":{"line":13,"column":0},"end":{"line":13,"column":52}},"8":{"start":{"line":15,"column":0},"end":{"line":15,"column":38}},"9":{"start":{"line":18,"column":0},"end":{"line":20,"column":4}},"10":{"start":{"line":18,"column":27},"end":{"line":20,"column":2}},"11":{"start":{"line":22,"column":0},"end":{"line":22,"column":21}}},"branchMap":{}},"/Users/juliemugira/projects/document_management/server/routes/index.js":{"path":"/Users/juliemugira/projects/document_management/server/routes/index.js","s":{"1":1,"2":1,"3":1,"4":1,"5":1,"6":1,"7":1},"b":{},"f":{},"fnMap":{},"statementMap":{"1":{"start":{"line":1,"column":0},"end":{"line":1,"column":56}},"2":{"start":{"line":2,"column":0},"end":{"line":2,"column":48}},"3":{"start":{"line":3,"column":0},"end":{"line":3,"column":48}},"4":{"start":{"line":5,"column":0},"end":{"line":9,"column":2}},"5":{"start":{"line":6,"column":2},"end":{"line":6,"column":30}},"6":{"start":{"line":7,"column":2},"end":{"line":7,"column":34}},"7":{"start":{"line":8,"column":2},"end":{"line":8,"column":30}}},"branchMap":{}},"/Users/juliemugira/projects/document_management/server/routes/documents.route.js":{"path":"/Users/juliemugira/projects/document_management/server/routes/documents.route.js","s":{"1":1,"2":1,"3":1,"4":1,"5":1,"6":1},"b":{},"f":{},"fnMap":{},"statementMap":{"1":{"start":{"line":1,"column":0},"end":{"line":1,"column":43}},"2":{"start":{"line":2,"column":0},"end":{"line":2,"column":47}},"3":{"start":{"line":6,"column":0},"end":{"line":7,"column":25}},"4":{"start":{"line":11,"column":0},"end":{"line":14,"column":27}},"5":{"start":{"line":18,"column":0},"end":{"line":19,"column":29}},"6":{"start":{"line":21,"column":0},"end":{"line":21,"column":39}}},"branchMap":{}},"/Users/juliemugira/projects/document_management/server/controllers/index.js":{"path":"/Users/juliemugira/projects/document_management/server/controllers/index.js","s":{"1":1,"2":1,"3":1,"4":1},"b":{},"f":{},"fnMap":{},"statementMap":{"1":{"start":{"line":1,"column":0},"end":{"line":1,"column":32}},"2":{"start":{"line":2,"column":0},"end":{"line":2,"column":40}},"3":{"start":{"line":3,"column":0},"end":{"line":3,"column":32}},"4":{"start":{"line":5,"column":0},"end":{"line":9,"column":2}}},"branchMap":{}},"/Users/juliemugira/projects/document_management/server/controllers/roles.js":{"path":"/Users/juliemugira/projects/document_management/server/controllers/roles.js","s":{"1":1,"2":1,"3":0,"4":0,"5":0,"6":0,"7":0,"8":0,"9":0,"10":0,"11":1},"b":{"1":[0,0]},"f":{"1":0,"2":0},"fnMap":{"1":{"name":"(anonymous_1)","line":14,"loc":{"start":{"line":14,"column":8},"end":{"line":14,"column":19}}},"2":{"name":"(anonymous_2)","line":37,"loc":{"start":{"line":37,"column":6},"end":{"line":37,"column":17}}}},"statementMap":{"1":{"start":{"line":1,"column":0},"end":{"line":1,"column":40}},"2":{"start":{"line":2,"column":0},"end":{"line":2,"column":66}},"3":{"start":{"line":15,"column":4},"end":{"line":19,"column":5}},"4":{"start":{"line":16,"column":6},"end":{"line":18,"column":9}},"5":{"start":{"line":20,"column":4},"end":{"line":27,"column":51}},"6":{"start":{"line":23,"column":20},"end":{"line":26,"column":8}},"7":{"start":{"line":27,"column":22},"end":{"line":27,"column":49}},"8":{"start":{"line":38,"column":4},"end":{"line":41,"column":51}},"9":{"start":{"line":40,"column":20},"end":{"line":40,"column":46}},"10":{"start":{"line":41,"column":22},"end":{"line":41,"column":49}},"11":{"start":{"line":45,"column":0},"end":{"line":45,"column":39}}},"branchMap":{"1":{"line":15,"type":"if","locations":[{"start":{"line":15,"column":4},"end":{"line":15,"column":4}},{"start":{"line":15,"column":4},"end":{"line":15,"column":4}}]}}},"/Users/juliemugira/projects/document_management/server/models/index.js":{"path":"/Users/juliemugira/projects/document_management/server/models/index.js","s":{"1":1,"2":1,"3":1,"4":1,"5":1,"6":1,"7":1,"8":1,"9":1,"10":0,"11":1,"12":1,"13":4,"14":3,"15":3,"16":1,"17":3,"18":3,"19":1,"20":1,"21":1},"b":{"1":[1,0],"2":[0,1],"3":[4,4,3],"4":[3,0]},"f":{},"fnMap":{},"statementMap":{"1":{"start":{"line":1,"column":0},"end":{"line":1,"column":25}},"2":{"start":{"line":2,"column":0},"end":{"line":2,"column":29}},"3":{"start":{"line":3,"column":0},"end":{"line":3,"column":39}},"4":{"start":{"line":5,"column":0},"end":{"line":5,"column":48}},"5":{"start":{"line":6,"column":0},"end":{"line":6,"column":50}},"6":{"start":{"line":7,"column":0},"end":{"line":7,"column":66}},"7":{"start":{"line":8,"column":0},"end":{"line":8,"column":14}},"8":{"start":{"line":10,"column":0},"end":{"line":10,"column":14}},"9":{"start":{"line":11,"column":0},"end":{"line":16,"column":1}},"10":{"start":{"line":12,"column":2},"end":{"line":12,"column":66}},"11":{"start":{"line":14,"column":2},"end":{"line":15,"column":63}},"12":{"start":{"line":18,"column":0},"end":{"line":27,"column":5}},"13":{"start":{"line":21,"column":4},"end":{"line":23,"column":30}},"14":{"start":{"line":25,"column":4},"end":{"line":25,"column":63}},"15":{"start":{"line":26,"column":4},"end":{"line":26,"column":27}},"16":{"start":{"line":29,"column":0},"end":{"line":33,"column":3}},"17":{"start":{"line":30,"column":2},"end":{"line":32,"column":3}},"18":{"start":{"line":31,"column":4},"end":{"line":31,"column":32}},"19":{"start":{"line":35,"column":0},"end":{"line":35,"column":25}},"20":{"start":{"line":36,"column":0},"end":{"line":36,"column":25}},"21":{"start":{"line":38,"column":0},"end":{"line":38,"column":20}}},"branchMap":{"1":{"line":6,"type":"binary-expr","locations":[{"start":{"line":6,"column":12},"end":{"line":6,"column":32}},{"start":{"line":6,"column":36},"end":{"line":6,"column":49}}]},"2":{"line":11,"type":"if","locations":[{"start":{"line":11,"column":0},"end":{"line":11,"column":0}},{"start":{"line":11,"column":0},"end":{"line":11,"column":0}}]},"3":{"line":21,"type":"binary-expr","locations":[{"start":{"line":21,"column":5},"end":{"line":21,"column":28}},{"start":{"line":22,"column":5},"end":{"line":22,"column":22}},{"start":{"line":23,"column":5},"end":{"line":23,"column":29}}]},"4":{"line":30,"type":"if","locations":[{"start":{"line":30,"column":2},"end":{"line":30,"column":2}},{"start":{"line":30,"column":2},"end":{"line":30,"column":2}}]}}},"/Users/juliemugira/projects/document_management/server/models/document.js":{"path":"/Users/juliemugira/projects/document_management/server/models/document.js","s":{"1":1,"2":1,"3":1,"4":1},"b":{},"f":{},"fnMap":{},"statementMap":{"1":{"start":{"line":3,"column":0},"end":{"line":31,"column":2}},"2":{"start":{"line":4,"column":2},"end":{"line":29,"column":5}},"3":{"start":{"line":23,"column":8},"end":{"line":26,"column":11}},"4":{"start":{"line":30,"column":2},"end":{"line":30,"column":18}}},"branchMap":{}},"/Users/juliemugira/projects/document_management/server/models/role.js":{"path":"/Users/juliemugira/projects/document_management/server/models/role.js","s":{"1":1,"2":1,"3":1,"4":1},"b":{},"f":{},"fnMap":{},"statementMap":{"1":{"start":{"line":3,"column":0},"end":{"line":21,"column":2}},"2":{"start":{"line":4,"column":2},"end":{"line":19,"column":5}},"3":{"start":{"line":13,"column":8},"end":{"line":16,"column":11}},"4":{"start":{"line":20,"column":2},"end":{"line":20,"column":14}}},"branchMap":{}},"/Users/juliemugira/projects/document_management/server/models/user.js":{"path":"/Users/juliemugira/projects/document_management/server/models/user.js","s":{"1":1,"2":1,"3":1,"4":1,"5":1},"b":{},"f":{},"fnMap":{},"statementMap":{"1":{"start":{"line":3,"column":0},"end":{"line":46,"column":2}},"2":{"start":{"line":4,"column":2},"end":{"line":44,"column":5}},"3":{"start":{"line":34,"column":8},"end":{"line":37,"column":11}},"4":{"start":{"line":38,"column":8},"end":{"line":41,"column":11}},"5":{"start":{"line":45,"column":2},"end":{"line":45,"column":14}}},"branchMap":{}},"/Users/juliemugira/projects/document_management/server/helpers/controllerHelpers.js":{"path":"/Users/juliemugira/projects/document_management/server/helpers/controllerHelpers.js","s":{"1":6,"2":6,"3":7,"4":0,"5":6,"6":0,"7":1},"b":{"1":[0,7],"2":[7,7],"3":[0,6]},"f":{"1":6},"fnMap":{"1":{"name":"(anonymous_1)","line":10,"loc":{"start":{"line":10,"column":15},"end":{"line":10,"column":22}}}},"statementMap":{"1":{"start":{"line":11,"column":4},"end":{"line":11,"column":16}},"2":{"start":{"line":12,"column":4},"end":{"line":16,"column":7}},"3":{"start":{"line":13,"column":6},"end":{"line":15,"column":7}},"4":{"start":{"line":14,"column":8},"end":{"line":14,"column":23}},"5":{"start":{"line":17,"column":4},"end":{"line":19,"column":5}},"6":{"start":{"line":18,"column":6},"end":{"line":18,"column":21}},"7":{"start":{"line":23,"column":0},"end":{"line":23,"column":41}}},"branchMap":{"1":{"line":13,"type":"if","locations":[{"start":{"line":13,"column":6},"end":{"line":13,"column":6}},{"start":{"line":13,"column":6},"end":{"line":13,"column":6}}]},"2":{"line":13,"type":"binary-expr","locations":[{"start":{"line":13,"column":10},"end":{"line":13,"column":26}},{"start":{"line":13,"column":30},"end":{"line":13,"column":48}}]},"3":{"line":17,"type":"if","locations":[{"start":{"line":17,"column":4},"end":{"line":17,"column":4}},{"start":{"line":17,"column":4},"end":{"line":17,"column":4}}]}}},"/Users/juliemugira/projects/document_management/server/controllers/documents.js":{"path":"/Users/juliemugira/projects/document_management/server/controllers/documents.js","s":{"1":1,"2":1,"3":1,"4":0,"5":1,"6":1,"7":0,"8":2,"9":2,"10":2,"11":1,"12":1,"13":0,"14":2,"15":2,"16":1,"17":1,"18":0,"19":0,"20":0,"21":0,"22":0,"23":0,"24":0,"25":0,"26":0,"27":0,"28":0,"29":3,"30":0,"31":3,"32":3,"33":3,"34":0,"35":2,"36":2,"37":0,"38":1},"b":{"1":[0,1],"2":[1,1],"3":[2,0],"4":[1,1],"5":[1,1],"6":[0,0],"7":[0,0],"8":[0,0],"9":[0,3]},"f":{"1":1,"2":2,"3":2,"4":0,"5":3,"6":2},"fnMap":{"1":{"name":"(anonymous_1)","line":14,"loc":{"start":{"line":14,"column":8},"end":{"line":14,"column":19}}},"2":{"name":"(anonymous_2)","line":44,"loc":{"start":{"line":44,"column":13},"end":{"line":44,"column":24}}},"3":{"name":"(anonymous_3)","line":73,"loc":{"start":{"line":73,"column":6},"end":{"line":73,"column":17}}},"4":{"name":"(anonymous_4)","line":94,"loc":{"start":{"line":94,"column":6},"end":{"line":94,"column":17}}},"5":{"name":"(anonymous_5)","line":131,"loc":{"start":{"line":131,"column":8},"end":{"line":131,"column":19}}},"6":{"name":"(anonymous_6)","line":159,"loc":{"start":{"line":159,"column":8},"end":{"line":159,"column":19}}}},"statementMap":{"1":{"start":{"line":1,"column":0},"end":{"line":1,"column":47}},"2":{"start":{"line":2,"column":0},"end":{"line":2,"column":66}},"3":{"start":{"line":15,"column":4},"end":{"line":19,"column":5}},"4":{"start":{"line":16,"column":6},"end":{"line":18,"column":9}},"5":{"start":{"line":21,"column":4},"end":{"line":34,"column":51}},"6":{"start":{"line":29,"column":8},"end":{"line":32,"column":11}},"7":{"start":{"line":34,"column":22},"end":{"line":34,"column":49}},"8":{"start":{"line":45,"column":4},"end":{"line":63,"column":5}},"9":{"start":{"line":46,"column":6},"end":{"line":62,"column":9}},"10":{"start":{"line":53,"column":8},"end":{"line":57,"column":9}},"11":{"start":{"line":54,"column":10},"end":{"line":56,"column":13}},"12":{"start":{"line":58,"column":8},"end":{"line":58,"column":46}},"13":{"start":{"line":61,"column":8},"end":{"line":61,"column":36}},"14":{"start":{"line":74,"column":4},"end":{"line":84,"column":51}},"15":{"start":{"line":77,"column":8},"end":{"line":81,"column":9}},"16":{"start":{"line":78,"column":10},"end":{"line":80,"column":13}},"17":{"start":{"line":82,"column":8},"end":{"line":82,"column":46}},"18":{"start":{"line":84,"column":22},"end":{"line":84,"column":49}},"19":{"start":{"line":95,"column":4},"end":{"line":95,"column":33}},"20":{"start":{"line":96,"column":4},"end":{"line":113,"column":5}},"21":{"start":{"line":97,"column":6},"end":{"line":112,"column":11}},"22":{"start":{"line":103,"column":10},"end":{"line":107,"column":11}},"23":{"start":{"line":104,"column":12},"end":{"line":106,"column":15}},"24":{"start":{"line":108,"column":10},"end":{"line":108,"column":41}},"25":{"start":{"line":111,"column":10},"end":{"line":111,"column":38}},"26":{"start":{"line":114,"column":4},"end":{"line":121,"column":51}},"27":{"start":{"line":120,"column":24},"end":{"line":120,"column":71}},"28":{"start":{"line":121,"column":22},"end":{"line":121,"column":49}},"29":{"start":{"line":132,"column":4},"end":{"line":136,"column":5}},"30":{"start":{"line":133,"column":6},"end":{"line":135,"column":9}},"31":{"start":{"line":137,"column":4},"end":{"line":137,"column":32}},"32":{"start":{"line":138,"column":4},"end":{"line":149,"column":9}},"33":{"start":{"line":144,"column":18},"end":{"line":146,"column":8}},"34":{"start":{"line":148,"column":8},"end":{"line":148,"column":36}},"35":{"start":{"line":160,"column":4},"end":{"line":169,"column":9}},"36":{"start":{"line":166,"column":18},"end":{"line":166,"column":84}},"37":{"start":{"line":168,"column":8},"end":{"line":168,"column":36}},"38":{"start":{"line":173,"column":0},"end":{"line":173,"column":37}}},"branchMap":{"1":{"line":15,"type":"if","locations":[{"start":{"line":15,"column":4},"end":{"line":15,"column":4}},{"start":{"line":15,"column":4},"end":{"line":15,"column":4}}]},"2":{"line":25,"type":"binary-expr","locations":[{"start":{"line":25,"column":16},"end":{"line":25,"column":31}},{"start":{"line":25,"column":35},"end":{"line":25,"column":44}}]},"3":{"line":45,"type":"if","locations":[{"start":{"line":45,"column":4},"end":{"line":45,"column":4}},{"start":{"line":45,"column":4},"end":{"line":45,"column":4}}]},"4":{"line":53,"type":"if","locations":[{"start":{"line":53,"column":8},"end":{"line":53,"column":8}},{"start":{"line":53,"column":8},"end":{"line":53,"column":8}}]},"5":{"line":77,"type":"if","locations":[{"start":{"line":77,"column":8},"end":{"line":77,"column":8}},{"start":{"line":77,"column":8},"end":{"line":77,"column":8}}]},"6":{"line":96,"type":"if","locations":[{"start":{"line":96,"column":4},"end":{"line":96,"column":4}},{"start":{"line":96,"column":4},"end":{"line":96,"column":4}}]},"7":{"line":96,"type":"binary-expr","locations":[{"start":{"line":96,"column":8},"end":{"line":96,"column":23}},{"start":{"line":96,"column":27},"end":{"line":96,"column":43}}]},"8":{"line":103,"type":"if","locations":[{"start":{"line":103,"column":10},"end":{"line":103,"column":10}},{"start":{"line":103,"column":10},"end":{"line":103,"column":10}}]},"9":{"line":132,"type":"if","locations":[{"start":{"line":132,"column":4},"end":{"line":132,"column":4}},{"start":{"line":132,"column":4},"end":{"line":132,"column":4}}]}}},"/Users/juliemugira/projects/document_management/server/controllers/users.js":{"path":"/Users/juliemugira/projects/document_management/server/controllers/users.js","s":{"1":1,"2":1,"3":0,"4":0,"5":0,"6":0,"7":0,"8":2,"9":1,"10":1,"11":0,"12":1,"13":0,"14":1,"15":1,"16":0,"17":1,"18":1,"19":0,"20":1,"21":0,"22":2,"23":0,"24":2,"25":2,"26":2,"27":0,"28":1,"29":1,"30":0,"31":1,"32":1,"33":1,"34":0,"35":1,"36":0,"37":1},"b":{"1":[0,0],"2":[0,0],"3":[1,1],"4":[2,1],"5":[0,1],"6":[0,1],"7":[0,2],"8":[1,0],"9":[0,1]},"f":{"1":0,"2":2,"3":1,"4":2,"5":1,"6":1},"fnMap":{"1":{"name":"(anonymous_1)","line":14,"loc":{"start":{"line":14,"column":8},"end":{"line":14,"column":19}}},"2":{"name":"(anonymous_2)","line":46,"loc":{"start":{"line":46,"column":6},"end":{"line":46,"column":17}}},"3":{"name":"(anonymous_3)","line":82,"loc":{"start":{"line":82,"column":6},"end":{"line":82,"column":17}}},"4":{"name":"(anonymous_4)","line":105,"loc":{"start":{"line":105,"column":8},"end":{"line":105,"column":19}}},"5":{"name":"(anonymous_5)","line":135,"loc":{"start":{"line":135,"column":8},"end":{"line":135,"column":19}}},"6":{"name":"(anonymous_6)","line":157,"loc":{"start":{"line":157,"column":12},"end":{"line":157,"column":23}}}},"statementMap":{"1":{"start":{"line":1,"column":0},"end":{"line":1,"column":39}},"2":{"start":{"line":2,"column":0},"end":{"line":2,"column":66}},"3":{"start":{"line":15,"column":4},"end":{"line":19,"column":5}},"4":{"start":{"line":16,"column":6},"end":{"line":18,"column":9}},"5":{"start":{"line":21,"column":4},"end":{"line":36,"column":51}},"6":{"start":{"line":31,"column":8},"end":{"line":34,"column":11}},"7":{"start":{"line":36,"column":22},"end":{"line":36,"column":49}},"8":{"start":{"line":47,"column":4},"end":{"line":64,"column":5}},"9":{"start":{"line":48,"column":6},"end":{"line":63,"column":11}},"10":{"start":{"line":54,"column":10},"end":{"line":58,"column":11}},"11":{"start":{"line":55,"column":12},"end":{"line":57,"column":15}},"12":{"start":{"line":59,"column":10},"end":{"line":59,"column":37}},"13":{"start":{"line":62,"column":10},"end":{"line":62,"column":38}},"14":{"start":{"line":65,"column":4},"end":{"line":72,"column":9}},"15":{"start":{"line":68,"column":8},"end":{"line":68,"column":35}},"16":{"start":{"line":71,"column":8},"end":{"line":71,"column":36}},"17":{"start":{"line":83,"column":4},"end":{"line":95,"column":9}},"18":{"start":{"line":86,"column":8},"end":{"line":90,"column":9}},"19":{"start":{"line":87,"column":10},"end":{"line":89,"column":13}},"20":{"start":{"line":91,"column":8},"end":{"line":91,"column":42}},"21":{"start":{"line":94,"column":8},"end":{"line":94,"column":36}},"22":{"start":{"line":106,"column":4},"end":{"line":110,"column":5}},"23":{"start":{"line":107,"column":6},"end":{"line":109,"column":9}},"24":{"start":{"line":112,"column":4},"end":{"line":112,"column":32}},"25":{"start":{"line":113,"column":4},"end":{"line":125,"column":9}},"26":{"start":{"line":120,"column":18},"end":{"line":122,"column":8}},"27":{"start":{"line":124,"column":8},"end":{"line":124,"column":36}},"28":{"start":{"line":136,"column":4},"end":{"line":147,"column":9}},"29":{"start":{"line":142,"column":18},"end":{"line":142,"column":80}},"30":{"start":{"line":144,"column":8},"end":{"line":146,"column":11}},"31":{"start":{"line":158,"column":4},"end":{"line":176,"column":5}},"32":{"start":{"line":159,"column":6},"end":{"line":175,"column":9}},"33":{"start":{"line":166,"column":8},"end":{"line":170,"column":9}},"34":{"start":{"line":167,"column":10},"end":{"line":169,"column":13}},"35":{"start":{"line":171,"column":8},"end":{"line":171,"column":42}},"36":{"start":{"line":174,"column":8},"end":{"line":174,"column":36}},"37":{"start":{"line":180,"column":0},"end":{"line":180,"column":38}}},"branchMap":{"1":{"line":15,"type":"if","locations":[{"start":{"line":15,"column":4},"end":{"line":15,"column":4}},{"start":{"line":15,"column":4},"end":{"line":15,"column":4}}]},"2":{"line":28,"type":"binary-expr","locations":[{"start":{"line":28,"column":16},"end":{"line":28,"column":29}},{"start":{"line":28,"column":33},"end":{"line":28,"column":34}}]},"3":{"line":47,"type":"if","locations":[{"start":{"line":47,"column":4},"end":{"line":47,"column":4}},{"start":{"line":47,"column":4},"end":{"line":47,"column":4}}]},"4":{"line":47,"type":"binary-expr","locations":[{"start":{"line":47,"column":8},"end":{"line":47,"column":23}},{"start":{"line":47,"column":27},"end":{"line":47,"column":43}}]},"5":{"line":54,"type":"if","locations":[{"start":{"line":54,"column":10},"end":{"line":54,"column":10}},{"start":{"line":54,"column":10},"end":{"line":54,"column":10}}]},"6":{"line":86,"type":"if","locations":[{"start":{"line":86,"column":8},"end":{"line":86,"column":8}},{"start":{"line":86,"column":8},"end":{"line":86,"column":8}}]},"7":{"line":106,"type":"if","locations":[{"start":{"line":106,"column":4},"end":{"line":106,"column":4}},{"start":{"line":106,"column":4},"end":{"line":106,"column":4}}]},"8":{"line":158,"type":"if","locations":[{"start":{"line":158,"column":4},"end":{"line":158,"column":4}},{"start":{"line":158,"column":4},"end":{"line":158,"column":4}}]},"9":{"line":166,"type":"if","locations":[{"start":{"line":166,"column":8},"end":{"line":166,"column":8}},{"start":{"line":166,"column":8},"end":{"line":166,"column":8}}]}}},"/Users/juliemugira/projects/document_management/server/routes/roles.route.js":{"path":"/Users/juliemugira/projects/document_management/server/routes/roles.route.js","s":{"1":1,"2":1,"3":1,"4":1},"b":{},"f":{},"fnMap":{},"statementMap":{"1":{"start":{"line":1,"column":0},"end":{"line":1,"column":43}},"2":{"start":{"line":2,"column":0},"end":{"line":2,"column":43}},"3":{"start":{"line":5,"column":0},"end":{"line":7,"column":18}},"4":{"start":{"line":9,"column":0},"end":{"line":9,"column":35}}},"branchMap":{}},"/Users/juliemugira/projects/document_management/server/routes/users.route.js":{"path":"/Users/juliemugira/projects/document_management/server/routes/users.route.js","s":{"1":1,"2":1,"3":1,"4":1,"5":1,"6":1},"b":{},"f":{},"fnMap":{},"statementMap":{"1":{"start":{"line":1,"column":0},"end":{"line":1,"column":43}},"2":{"start":{"line":2,"column":0},"end":{"line":2,"column":43}},"3":{"start":{"line":6,"column":0},"end":{"line":8,"column":18}},"4":{"start":{"line":11,"column":0},"end":{"line":14,"column":20}},"5":{"start":{"line":17,"column":0},"end":{"line":18,"column":24}},"6":{"start":{"line":20,"column":0},"end":{"line":20,"column":35}}},"branchMap":{}}}