{"/Users/juliemugira/projects/document_management/app.js":{"path":"/Users/juliemugira/projects/document_management/app.js","s":{"1":1,"2":1,"3":1,"4":1,"5":1,"6":1,"7":1,"8":1,"9":1},"b":{},"f":{},"fnMap":{},"statementMap":{"1":{"start":{"line":1,"column":0},"end":{"line":1,"column":35}},"2":{"start":{"line":2,"column":0},"end":{"line":2,"column":33}},"3":{"start":{"line":3,"column":0},"end":{"line":3,"column":42}},"4":{"start":{"line":6,"column":0},"end":{"line":6,"column":22}},"5":{"start":{"line":9,"column":0},"end":{"line":9,"column":23}},"6":{"start":{"line":12,"column":0},"end":{"line":12,"column":27}},"7":{"start":{"line":13,"column":0},"end":{"line":13,"column":52}},"8":{"start":{"line":15,"column":0},"end":{"line":15,"column":39}},"9":{"start":{"line":17,"column":0},"end":{"line":17,"column":21}}},"branchMap":{}},"/Users/juliemugira/projects/document_management/server/routes/routes.js":{"path":"/Users/juliemugira/projects/document_management/server/routes/routes.js","s":{"1":1,"2":1,"3":1,"4":1,"5":1,"6":1,"7":1},"b":{},"f":{},"fnMap":{},"statementMap":{"1":{"start":{"line":1,"column":0},"end":{"line":1,"column":56}},"2":{"start":{"line":2,"column":0},"end":{"line":2,"column":48}},"3":{"start":{"line":3,"column":0},"end":{"line":3,"column":48}},"4":{"start":{"line":5,"column":0},"end":{"line":9,"column":2}},"5":{"start":{"line":6,"column":2},"end":{"line":6,"column":30}},"6":{"start":{"line":7,"column":2},"end":{"line":7,"column":34}},"7":{"start":{"line":8,"column":2},"end":{"line":8,"column":30}}},"branchMap":{}},"/Users/juliemugira/projects/document_management/server/routes/documents.route.js":{"path":"/Users/juliemugira/projects/document_management/server/routes/documents.route.js","s":{"1":1,"2":1,"3":1,"4":1,"5":1,"6":1,"7":1,"8":1},"b":{},"f":{},"fnMap":{},"statementMap":{"1":{"start":{"line":1,"column":0},"end":{"line":1,"column":43}},"2":{"start":{"line":2,"column":0},"end":{"line":2,"column":59}},"3":{"start":{"line":3,"column":0},"end":{"line":3,"column":65}},"4":{"start":{"line":5,"column":0},"end":{"line":5,"column":39}},"5":{"start":{"line":8,"column":0},"end":{"line":10,"column":22}},"6":{"start":{"line":14,"column":0},"end":{"line":17,"column":27}},"7":{"start":{"line":21,"column":0},"end":{"line":22,"column":29}},"8":{"start":{"line":24,"column":0},"end":{"line":24,"column":39}}},"branchMap":{}},"/Users/juliemugira/projects/document_management/server/controllers/controllers.js":{"path":"/Users/juliemugira/projects/document_management/server/controllers/controllers.js","s":{"1":1,"2":1,"3":1,"4":1},"b":{},"f":{},"fnMap":{},"statementMap":{"1":{"start":{"line":1,"column":0},"end":{"line":1,"column":32}},"2":{"start":{"line":2,"column":0},"end":{"line":2,"column":40}},"3":{"start":{"line":3,"column":0},"end":{"line":3,"column":32}},"4":{"start":{"line":5,"column":0},"end":{"line":9,"column":2}}},"branchMap":{}},"/Users/juliemugira/projects/document_management/server/controllers/roles.js":{"path":"/Users/juliemugira/projects/document_management/server/controllers/roles.js","s":{"1":1,"2":1,"3":0,"4":0,"5":0,"6":0,"7":0,"8":0,"9":0,"10":0,"11":1},"b":{"1":[0,0]},"f":{"1":0,"2":0},"fnMap":{"1":{"name":"(anonymous_1)","line":14,"loc":{"start":{"line":14,"column":8},"end":{"line":14,"column":19}}},"2":{"name":"(anonymous_2)","line":37,"loc":{"start":{"line":37,"column":6},"end":{"line":37,"column":17}}}},"statementMap":{"1":{"start":{"line":1,"column":0},"end":{"line":1,"column":39}},"2":{"start":{"line":2,"column":0},"end":{"line":2,"column":66}},"3":{"start":{"line":15,"column":4},"end":{"line":19,"column":5}},"4":{"start":{"line":16,"column":6},"end":{"line":18,"column":9}},"5":{"start":{"line":20,"column":4},"end":{"line":27,"column":51}},"6":{"start":{"line":23,"column":20},"end":{"line":26,"column":8}},"7":{"start":{"line":27,"column":22},"end":{"line":27,"column":49}},"8":{"start":{"line":38,"column":4},"end":{"line":41,"column":51}},"9":{"start":{"line":40,"column":20},"end":{"line":40,"column":46}},"10":{"start":{"line":41,"column":22},"end":{"line":41,"column":49}},"11":{"start":{"line":45,"column":0},"end":{"line":45,"column":39}}},"branchMap":{"1":{"line":15,"type":"if","locations":[{"start":{"line":15,"column":4},"end":{"line":15,"column":4}},{"start":{"line":15,"column":4},"end":{"line":15,"column":4}}]}}},"/Users/juliemugira/projects/document_management/server/models/index.js":{"path":"/Users/juliemugira/projects/document_management/server/models/index.js","s":{"1":1,"2":1,"3":1,"4":1,"5":1,"6":1,"7":1,"8":1,"9":1,"10":0,"11":1,"12":1,"13":4,"14":3,"15":3,"16":1,"17":3,"18":3,"19":1,"20":1,"21":1},"b":{"1":[1,0],"2":[0,1],"3":[4,4,3],"4":[3,0]},"f":{},"fnMap":{},"statementMap":{"1":{"start":{"line":1,"column":0},"end":{"line":1,"column":25}},"2":{"start":{"line":2,"column":0},"end":{"line":2,"column":29}},"3":{"start":{"line":3,"column":0},"end":{"line":3,"column":39}},"4":{"start":{"line":5,"column":0},"end":{"line":5,"column":48}},"5":{"start":{"line":6,"column":0},"end":{"line":6,"column":50}},"6":{"start":{"line":7,"column":0},"end":{"line":7,"column":66}},"7":{"start":{"line":8,"column":0},"end":{"line":8,"column":14}},"8":{"start":{"line":10,"column":0},"end":{"line":10,"column":14}},"9":{"start":{"line":11,"column":0},"end":{"line":16,"column":1}},"10":{"start":{"line":12,"column":2},"end":{"line":12,"column":66}},"11":{"start":{"line":14,"column":2},"end":{"line":15,"column":63}},"12":{"start":{"line":18,"column":0},"end":{"line":27,"column":5}},"13":{"start":{"line":21,"column":4},"end":{"line":23,"column":30}},"14":{"start":{"line":25,"column":4},"end":{"line":25,"column":63}},"15":{"start":{"line":26,"column":4},"end":{"line":26,"column":27}},"16":{"start":{"line":29,"column":0},"end":{"line":33,"column":3}},"17":{"start":{"line":30,"column":2},"end":{"line":32,"column":3}},"18":{"start":{"line":31,"column":4},"end":{"line":31,"column":32}},"19":{"start":{"line":35,"column":0},"end":{"line":35,"column":25}},"20":{"start":{"line":36,"column":0},"end":{"line":36,"column":25}},"21":{"start":{"line":38,"column":0},"end":{"line":38,"column":20}}},"branchMap":{"1":{"line":6,"type":"binary-expr","locations":[{"start":{"line":6,"column":12},"end":{"line":6,"column":32}},{"start":{"line":6,"column":36},"end":{"line":6,"column":49}}]},"2":{"line":11,"type":"if","locations":[{"start":{"line":11,"column":0},"end":{"line":11,"column":0}},{"start":{"line":11,"column":0},"end":{"line":11,"column":0}}]},"3":{"line":21,"type":"binary-expr","locations":[{"start":{"line":21,"column":5},"end":{"line":21,"column":28}},{"start":{"line":22,"column":5},"end":{"line":22,"column":22}},{"start":{"line":23,"column":5},"end":{"line":23,"column":29}}]},"4":{"line":30,"type":"if","locations":[{"start":{"line":30,"column":2},"end":{"line":30,"column":2}},{"start":{"line":30,"column":2},"end":{"line":30,"column":2}}]}}},"/Users/juliemugira/projects/document_management/server/models/document.js":{"path":"/Users/juliemugira/projects/document_management/server/models/document.js","s":{"1":1,"2":1,"3":1,"4":1},"b":{},"f":{},"fnMap":{},"statementMap":{"1":{"start":{"line":3,"column":0},"end":{"line":31,"column":2}},"2":{"start":{"line":4,"column":2},"end":{"line":29,"column":5}},"3":{"start":{"line":23,"column":8},"end":{"line":26,"column":11}},"4":{"start":{"line":30,"column":2},"end":{"line":30,"column":18}}},"branchMap":{}},"/Users/juliemugira/projects/document_management/server/models/role.js":{"path":"/Users/juliemugira/projects/document_management/server/models/role.js","s":{"1":1,"2":1,"3":1,"4":1},"b":{},"f":{},"fnMap":{},"statementMap":{"1":{"start":{"line":3,"column":0},"end":{"line":21,"column":2}},"2":{"start":{"line":4,"column":2},"end":{"line":19,"column":5}},"3":{"start":{"line":13,"column":8},"end":{"line":16,"column":11}},"4":{"start":{"line":20,"column":2},"end":{"line":20,"column":14}}},"branchMap":{}},"/Users/juliemugira/projects/document_management/server/models/user.js":{"path":"/Users/juliemugira/projects/document_management/server/models/user.js","s":{"1":1,"2":1,"3":1,"4":1,"5":1},"b":{},"f":{},"fnMap":{},"statementMap":{"1":{"start":{"line":3,"column":0},"end":{"line":46,"column":2}},"2":{"start":{"line":4,"column":2},"end":{"line":44,"column":5}},"3":{"start":{"line":34,"column":8},"end":{"line":37,"column":11}},"4":{"start":{"line":38,"column":8},"end":{"line":41,"column":11}},"5":{"start":{"line":45,"column":2},"end":{"line":45,"column":14}}},"branchMap":{}},"/Users/juliemugira/projects/document_management/server/helpers/controllerHelpers.js":{"path":"/Users/juliemugira/projects/document_management/server/helpers/controllerHelpers.js","s":{"1":0,"2":0,"3":0,"4":0,"5":0,"6":0,"7":1},"b":{"1":[0,0],"2":[0,0],"3":[0,0]},"f":{"1":0},"fnMap":{"1":{"name":"(anonymous_1)","line":10,"loc":{"start":{"line":10,"column":15},"end":{"line":10,"column":22}}}},"statementMap":{"1":{"start":{"line":11,"column":4},"end":{"line":11,"column":16}},"2":{"start":{"line":12,"column":4},"end":{"line":16,"column":7}},"3":{"start":{"line":13,"column":6},"end":{"line":15,"column":7}},"4":{"start":{"line":14,"column":8},"end":{"line":14,"column":23}},"5":{"start":{"line":17,"column":4},"end":{"line":19,"column":5}},"6":{"start":{"line":18,"column":6},"end":{"line":18,"column":21}},"7":{"start":{"line":23,"column":0},"end":{"line":23,"column":41}}},"branchMap":{"1":{"line":13,"type":"if","locations":[{"start":{"line":13,"column":6},"end":{"line":13,"column":6}},{"start":{"line":13,"column":6},"end":{"line":13,"column":6}}]},"2":{"line":13,"type":"binary-expr","locations":[{"start":{"line":13,"column":10},"end":{"line":13,"column":26}},{"start":{"line":13,"column":30},"end":{"line":13,"column":48}}]},"3":{"line":17,"type":"if","locations":[{"start":{"line":17,"column":4},"end":{"line":17,"column":4}},{"start":{"line":17,"column":4},"end":{"line":17,"column":4}}]}}},"/Users/juliemugira/projects/document_management/server/controllers/documents.js":{"path":"/Users/juliemugira/projects/document_management/server/controllers/documents.js","s":{"1":1,"2":1,"3":0,"4":0,"5":0,"6":0,"7":0,"8":0,"9":0,"10":0,"11":0,"12":0,"13":0,"14":0,"15":0,"16":0,"17":0,"18":0,"19":0,"20":0,"21":0,"22":0,"23":0,"24":0,"25":0,"26":0,"27":0,"28":0,"29":0,"30":0,"31":0,"32":0,"33":0,"34":0,"35":0,"36":0,"37":0,"38":0,"39":0,"40":0,"41":0,"42":0,"43":0,"44":0,"45":0,"46":0,"47":0,"48":0,"49":0,"50":0,"51":0,"52":0,"53":0,"54":0,"55":0,"56":0,"57":0,"58":0,"59":0,"60":0,"61":0,"62":0,"63":1},"b":{"1":[0,0],"2":[0,0],"3":[0,0],"4":[0,0],"5":[0,0],"6":[0,0],"7":[0,0],"8":[0,0],"9":[0,0],"10":[0,0],"11":[0,0],"12":[0,0],"13":[0,0],"14":[0,0],"15":[0,0],"16":[0,0],"17":[0,0],"18":[0,0],"19":[0,0],"20":[0,0],"21":[0,0]},"f":{"1":0,"2":0,"3":0,"4":0,"5":0,"6":0},"fnMap":{"1":{"name":"(anonymous_1)","line":14,"loc":{"start":{"line":14,"column":8},"end":{"line":14,"column":19}}},"2":{"name":"(anonymous_2)","line":45,"loc":{"start":{"line":45,"column":13},"end":{"line":45,"column":24}}},"3":{"name":"(anonymous_3)","line":93,"loc":{"start":{"line":93,"column":6},"end":{"line":93,"column":17}}},"4":{"name":"(anonymous_4)","line":133,"loc":{"start":{"line":133,"column":6},"end":{"line":133,"column":17}}},"5":{"name":"(anonymous_5)","line":194,"loc":{"start":{"line":194,"column":8},"end":{"line":194,"column":19}}},"6":{"name":"(anonymous_6)","line":221,"loc":{"start":{"line":221,"column":8},"end":{"line":221,"column":19}}}},"statementMap":{"1":{"start":{"line":1,"column":0},"end":{"line":1,"column":42}},"2":{"start":{"line":2,"column":0},"end":{"line":2,"column":66}},"3":{"start":{"line":15,"column":4},"end":{"line":20,"column":5}},"4":{"start":{"line":17,"column":6},"end":{"line":19,"column":9}},"5":{"start":{"line":22,"column":4},"end":{"line":35,"column":51}},"6":{"start":{"line":30,"column":8},"end":{"line":33,"column":11}},"7":{"start":{"line":35,"column":22},"end":{"line":35,"column":49}},"8":{"start":{"line":46,"column":4},"end":{"line":83,"column":5}},"9":{"start":{"line":47,"column":6},"end":{"line":63,"column":7}},"10":{"start":{"line":48,"column":8},"end":{"line":62,"column":55}},"11":{"start":{"line":55,"column":12},"end":{"line":59,"column":13}},"12":{"start":{"line":56,"column":14},"end":{"line":58,"column":17}},"13":{"start":{"line":60,"column":12},"end":{"line":60,"column":50}},"14":{"start":{"line":62,"column":26},"end":{"line":62,"column":53}},"15":{"start":{"line":64,"column":11},"end":{"line":83,"column":5}},"16":{"start":{"line":65,"column":6},"end":{"line":82,"column":7}},"17":{"start":{"line":66,"column":8},"end":{"line":81,"column":55}},"18":{"start":{"line":74,"column":12},"end":{"line":78,"column":13}},"19":{"start":{"line":75,"column":14},"end":{"line":77,"column":17}},"20":{"start":{"line":79,"column":12},"end":{"line":79,"column":50}},"21":{"start":{"line":81,"column":26},"end":{"line":81,"column":53}},"22":{"start":{"line":94,"column":4},"end":{"line":123,"column":5}},"23":{"start":{"line":95,"column":6},"end":{"line":105,"column":53}},"24":{"start":{"line":98,"column":10},"end":{"line":102,"column":11}},"25":{"start":{"line":99,"column":12},"end":{"line":101,"column":15}},"26":{"start":{"line":103,"column":10},"end":{"line":103,"column":48}},"27":{"start":{"line":105,"column":24},"end":{"line":105,"column":51}},"28":{"start":{"line":106,"column":11},"end":{"line":123,"column":5}},"29":{"start":{"line":107,"column":6},"end":{"line":122,"column":53}},"30":{"start":{"line":115,"column":10},"end":{"line":119,"column":11}},"31":{"start":{"line":116,"column":12},"end":{"line":118,"column":15}},"32":{"start":{"line":120,"column":10},"end":{"line":120,"column":48}},"33":{"start":{"line":122,"column":24},"end":{"line":122,"column":51}},"34":{"start":{"line":134,"column":4},"end":{"line":183,"column":5}},"35":{"start":{"line":135,"column":6},"end":{"line":150,"column":7}},"36":{"start":{"line":136,"column":8},"end":{"line":149,"column":55}},"37":{"start":{"line":142,"column":12},"end":{"line":146,"column":13}},"38":{"start":{"line":143,"column":14},"end":{"line":145,"column":17}},"39":{"start":{"line":147,"column":12},"end":{"line":147,"column":43}},"40":{"start":{"line":149,"column":26},"end":{"line":149,"column":53}},"41":{"start":{"line":151,"column":6},"end":{"line":154,"column":53}},"42":{"start":{"line":153,"column":26},"end":{"line":153,"column":56}},"43":{"start":{"line":154,"column":24},"end":{"line":154,"column":51}},"44":{"start":{"line":155,"column":11},"end":{"line":183,"column":5}},"45":{"start":{"line":156,"column":6},"end":{"line":174,"column":7}},"46":{"start":{"line":157,"column":8},"end":{"line":173,"column":55}},"47":{"start":{"line":166,"column":12},"end":{"line":170,"column":13}},"48":{"start":{"line":167,"column":14},"end":{"line":169,"column":17}},"49":{"start":{"line":171,"column":12},"end":{"line":171,"column":43}},"50":{"start":{"line":173,"column":26},"end":{"line":173,"column":53}},"51":{"start":{"line":175,"column":6},"end":{"line":182,"column":53}},"52":{"start":{"line":181,"column":26},"end":{"line":181,"column":60}},"53":{"start":{"line":182,"column":24},"end":{"line":182,"column":51}},"54":{"start":{"line":195,"column":4},"end":{"line":199,"column":5}},"55":{"start":{"line":196,"column":6},"end":{"line":198,"column":9}},"56":{"start":{"line":200,"column":4},"end":{"line":200,"column":36}},"57":{"start":{"line":201,"column":4},"end":{"line":211,"column":51}},"58":{"start":{"line":208,"column":18},"end":{"line":210,"column":8}},"59":{"start":{"line":211,"column":22},"end":{"line":211,"column":49}},"60":{"start":{"line":222,"column":4},"end":{"line":230,"column":51}},"61":{"start":{"line":229,"column":18},"end":{"line":229,"column":85}},"62":{"start":{"line":230,"column":22},"end":{"line":230,"column":49}},"63":{"start":{"line":234,"column":0},"end":{"line":234,"column":37}}},"branchMap":{"1":{"line":15,"type":"if","locations":[{"start":{"line":15,"column":4},"end":{"line":15,"column":4}},{"start":{"line":15,"column":4},"end":{"line":15,"column":4}}]},"2":{"line":26,"type":"binary-expr","locations":[{"start":{"line":26,"column":16},"end":{"line":26,"column":31}},{"start":{"line":26,"column":35},"end":{"line":26,"column":43}}]},"3":{"line":46,"type":"if","locations":[{"start":{"line":46,"column":4},"end":{"line":46,"column":4}},{"start":{"line":46,"column":4},"end":{"line":46,"column":4}}]},"4":{"line":47,"type":"if","locations":[{"start":{"line":47,"column":6},"end":{"line":47,"column":6}},{"start":{"line":47,"column":6},"end":{"line":47,"column":6}}]},"5":{"line":55,"type":"if","locations":[{"start":{"line":55,"column":12},"end":{"line":55,"column":12}},{"start":{"line":55,"column":12},"end":{"line":55,"column":12}}]},"6":{"line":64,"type":"if","locations":[{"start":{"line":64,"column":11},"end":{"line":64,"column":11}},{"start":{"line":64,"column":11},"end":{"line":64,"column":11}}]},"7":{"line":65,"type":"if","locations":[{"start":{"line":65,"column":6},"end":{"line":65,"column":6}},{"start":{"line":65,"column":6},"end":{"line":65,"column":6}}]},"8":{"line":74,"type":"if","locations":[{"start":{"line":74,"column":12},"end":{"line":74,"column":12}},{"start":{"line":74,"column":12},"end":{"line":74,"column":12}}]},"9":{"line":94,"type":"if","locations":[{"start":{"line":94,"column":4},"end":{"line":94,"column":4}},{"start":{"line":94,"column":4},"end":{"line":94,"column":4}}]},"10":{"line":98,"type":"if","locations":[{"start":{"line":98,"column":10},"end":{"line":98,"column":10}},{"start":{"line":98,"column":10},"end":{"line":98,"column":10}}]},"11":{"line":106,"type":"if","locations":[{"start":{"line":106,"column":11},"end":{"line":106,"column":11}},{"start":{"line":106,"column":11},"end":{"line":106,"column":11}}]},"12":{"line":115,"type":"if","locations":[{"start":{"line":115,"column":10},"end":{"line":115,"column":10}},{"start":{"line":115,"column":10},"end":{"line":115,"column":10}}]},"13":{"line":134,"type":"if","locations":[{"start":{"line":134,"column":4},"end":{"line":134,"column":4}},{"start":{"line":134,"column":4},"end":{"line":134,"column":4}}]},"14":{"line":135,"type":"if","locations":[{"start":{"line":135,"column":6},"end":{"line":135,"column":6}},{"start":{"line":135,"column":6},"end":{"line":135,"column":6}}]},"15":{"line":135,"type":"binary-expr","locations":[{"start":{"line":135,"column":10},"end":{"line":135,"column":25}},{"start":{"line":135,"column":29},"end":{"line":135,"column":45}}]},"16":{"line":142,"type":"if","locations":[{"start":{"line":142,"column":12},"end":{"line":142,"column":12}},{"start":{"line":142,"column":12},"end":{"line":142,"column":12}}]},"17":{"line":155,"type":"if","locations":[{"start":{"line":155,"column":11},"end":{"line":155,"column":11}},{"start":{"line":155,"column":11},"end":{"line":155,"column":11}}]},"18":{"line":156,"type":"if","locations":[{"start":{"line":156,"column":6},"end":{"line":156,"column":6}},{"start":{"line":156,"column":6},"end":{"line":156,"column":6}}]},"19":{"line":156,"type":"binary-expr","locations":[{"start":{"line":156,"column":10},"end":{"line":156,"column":25}},{"start":{"line":156,"column":29},"end":{"line":156,"column":45}}]},"20":{"line":166,"type":"if","locations":[{"start":{"line":166,"column":12},"end":{"line":166,"column":12}},{"start":{"line":166,"column":12},"end":{"line":166,"column":12}}]},"21":{"line":195,"type":"if","locations":[{"start":{"line":195,"column":4},"end":{"line":195,"column":4}},{"start":{"line":195,"column":4},"end":{"line":195,"column":4}}]}}},"/Users/juliemugira/projects/document_management/server/controllers/users.js":{"path":"/Users/juliemugira/projects/document_management/server/controllers/users.js","s":{"1":1,"2":1,"3":1,"4":1,"5":1,"6":1,"7":0,"8":0,"9":0,"10":0,"11":0,"12":0,"13":0,"14":0,"15":0,"16":0,"17":0,"18":0,"19":0,"20":0,"21":0,"22":0,"23":0,"24":0,"25":0,"26":0,"27":0,"28":0,"29":0,"30":0,"31":0,"32":0,"33":0,"34":0,"35":0,"36":0,"37":0,"38":0,"39":0,"40":0,"41":0,"42":0,"43":0,"44":0,"45":0,"46":0,"47":0,"48":0,"49":0,"50":0,"51":0,"52":0,"53":0,"54":1},"b":{"1":[0,0],"2":[0,0],"3":[0,0],"4":[0,0],"5":[0,0],"6":[0,0],"7":[0,0],"8":[0,0],"9":[0,0],"10":[0,0],"11":[0,0],"12":[0,0],"13":[0,0]},"f":{"1":0,"2":0,"3":0,"4":0,"5":0,"6":0,"7":0,"8":0},"fnMap":{"1":{"name":"(anonymous_1)","line":19,"loc":{"start":{"line":19,"column":8},"end":{"line":19,"column":19}}},"2":{"name":"(anonymous_2)","line":46,"loc":{"start":{"line":46,"column":7},"end":{"line":46,"column":18}}},"3":{"name":"(anonymous_3)","line":80,"loc":{"start":{"line":80,"column":8},"end":{"line":80,"column":19}}},"4":{"name":"(anonymous_4)","line":96,"loc":{"start":{"line":96,"column":6},"end":{"line":96,"column":17}}},"5":{"name":"(anonymous_5)","line":128,"loc":{"start":{"line":128,"column":6},"end":{"line":128,"column":17}}},"6":{"name":"(anonymous_6)","line":149,"loc":{"start":{"line":149,"column":8},"end":{"line":149,"column":19}}},"7":{"name":"(anonymous_7)","line":177,"loc":{"start":{"line":177,"column":8},"end":{"line":177,"column":19}}},"8":{"name":"(anonymous_8)","line":199,"loc":{"start":{"line":199,"column":12},"end":{"line":199,"column":23}}}},"statementMap":{"1":{"start":{"line":1,"column":0},"end":{"line":1,"column":38}},"2":{"start":{"line":2,"column":0},"end":{"line":2,"column":66}},"3":{"start":{"line":3,"column":0},"end":{"line":3,"column":36}},"4":{"start":{"line":4,"column":0},"end":{"line":4,"column":33}},"5":{"start":{"line":6,"column":0},"end":{"line":6,"column":27}},"6":{"start":{"line":7,"column":0},"end":{"line":7,"column":15}},"7":{"start":{"line":20,"column":4},"end":{"line":25,"column":5}},"8":{"start":{"line":22,"column":6},"end":{"line":24,"column":9}},"9":{"start":{"line":27,"column":4},"end":{"line":42,"column":51}},"10":{"start":{"line":37,"column":8},"end":{"line":40,"column":11}},"11":{"start":{"line":42,"column":22},"end":{"line":42,"column":49}},"12":{"start":{"line":47,"column":4},"end":{"line":76,"column":5}},"13":{"start":{"line":48,"column":6},"end":{"line":50,"column":9}},"14":{"start":{"line":52,"column":6},"end":{"line":75,"column":53}},"15":{"start":{"line":56,"column":10},"end":{"line":73,"column":11}},"16":{"start":{"line":57,"column":12},"end":{"line":57,"column":111}},"17":{"start":{"line":58,"column":17},"end":{"line":73,"column":11}},"18":{"start":{"line":60,"column":12},"end":{"line":68,"column":13}},"19":{"start":{"line":61,"column":14},"end":{"line":63,"column":17}},"20":{"start":{"line":64,"column":14},"end":{"line":66,"column":28}},"21":{"start":{"line":70,"column":12},"end":{"line":72,"column":15}},"22":{"start":{"line":75,"column":24},"end":{"line":75,"column":51}},"23":{"start":{"line":81,"column":4},"end":{"line":81,"column":42}},"24":{"start":{"line":82,"column":4},"end":{"line":86,"column":9}},"25":{"start":{"line":97,"column":4},"end":{"line":112,"column":5}},"26":{"start":{"line":98,"column":6},"end":{"line":111,"column":53}},"27":{"start":{"line":104,"column":10},"end":{"line":108,"column":11}},"28":{"start":{"line":105,"column":12},"end":{"line":107,"column":15}},"29":{"start":{"line":109,"column":10},"end":{"line":109,"column":37}},"30":{"start":{"line":111,"column":24},"end":{"line":111,"column":51}},"31":{"start":{"line":113,"column":4},"end":{"line":118,"column":51}},"32":{"start":{"line":116,"column":8},"end":{"line":116,"column":35}},"33":{"start":{"line":118,"column":22},"end":{"line":118,"column":49}},"34":{"start":{"line":129,"column":4},"end":{"line":139,"column":51}},"35":{"start":{"line":132,"column":8},"end":{"line":136,"column":9}},"36":{"start":{"line":133,"column":10},"end":{"line":135,"column":13}},"37":{"start":{"line":137,"column":8},"end":{"line":137,"column":42}},"38":{"start":{"line":139,"column":22},"end":{"line":139,"column":49}},"39":{"start":{"line":150,"column":4},"end":{"line":154,"column":5}},"40":{"start":{"line":151,"column":6},"end":{"line":153,"column":9}},"41":{"start":{"line":156,"column":4},"end":{"line":156,"column":32}},"42":{"start":{"line":157,"column":4},"end":{"line":167,"column":51}},"43":{"start":{"line":164,"column":18},"end":{"line":166,"column":8}},"44":{"start":{"line":167,"column":22},"end":{"line":167,"column":49}},"45":{"start":{"line":178,"column":4},"end":{"line":189,"column":9}},"46":{"start":{"line":184,"column":18},"end":{"line":184,"column":80}},"47":{"start":{"line":186,"column":8},"end":{"line":188,"column":11}},"48":{"start":{"line":200,"column":4},"end":{"line":216,"column":5}},"49":{"start":{"line":201,"column":6},"end":{"line":215,"column":53}},"50":{"start":{"line":208,"column":10},"end":{"line":212,"column":11}},"51":{"start":{"line":209,"column":12},"end":{"line":211,"column":15}},"52":{"start":{"line":213,"column":10},"end":{"line":213,"column":44}},"53":{"start":{"line":215,"column":24},"end":{"line":215,"column":51}},"54":{"start":{"line":220,"column":0},"end":{"line":220,"column":38}}},"branchMap":{"1":{"line":20,"type":"if","locations":[{"start":{"line":20,"column":4},"end":{"line":20,"column":4}},{"start":{"line":20,"column":4},"end":{"line":20,"column":4}}]},"2":{"line":34,"type":"binary-expr","locations":[{"start":{"line":34,"column":16},"end":{"line":34,"column":31}},{"start":{"line":34,"column":35},"end":{"line":34,"column":36}}]},"3":{"line":47,"type":"if","locations":[{"start":{"line":47,"column":4},"end":{"line":47,"column":4}},{"start":{"line":47,"column":4},"end":{"line":47,"column":4}}]},"4":{"line":56,"type":"if","locations":[{"start":{"line":56,"column":10},"end":{"line":56,"column":10}},{"start":{"line":56,"column":10},"end":{"line":56,"column":10}}]},"5":{"line":58,"type":"if","locations":[{"start":{"line":58,"column":17},"end":{"line":58,"column":17}},{"start":{"line":58,"column":17},"end":{"line":58,"column":17}}]},"6":{"line":60,"type":"if","locations":[{"start":{"line":60,"column":12},"end":{"line":60,"column":12}},{"start":{"line":60,"column":12},"end":{"line":60,"column":12}}]},"7":{"line":97,"type":"if","locations":[{"start":{"line":97,"column":4},"end":{"line":97,"column":4}},{"start":{"line":97,"column":4},"end":{"line":97,"column":4}}]},"8":{"line":97,"type":"binary-expr","locations":[{"start":{"line":97,"column":8},"end":{"line":97,"column":23}},{"start":{"line":97,"column":27},"end":{"line":97,"column":43}}]},"9":{"line":104,"type":"if","locations":[{"start":{"line":104,"column":10},"end":{"line":104,"column":10}},{"start":{"line":104,"column":10},"end":{"line":104,"column":10}}]},"10":{"line":132,"type":"if","locations":[{"start":{"line":132,"column":8},"end":{"line":132,"column":8}},{"start":{"line":132,"column":8},"end":{"line":132,"column":8}}]},"11":{"line":150,"type":"if","locations":[{"start":{"line":150,"column":4},"end":{"line":150,"column":4}},{"start":{"line":150,"column":4},"end":{"line":150,"column":4}}]},"12":{"line":200,"type":"if","locations":[{"start":{"line":200,"column":4},"end":{"line":200,"column":4}},{"start":{"line":200,"column":4},"end":{"line":200,"column":4}}]},"13":{"line":208,"type":"if","locations":[{"start":{"line":208,"column":10},"end":{"line":208,"column":10}},{"start":{"line":208,"column":10},"end":{"line":208,"column":10}}]}}},"/Users/juliemugira/projects/document_management/server/authentication/authentication.js":{"path":"/Users/juliemugira/projects/document_management/server/authentication/authentication.js","s":{"1":1,"2":1,"3":1,"4":19,"5":19,"6":19,"7":0,"8":0,"9":0,"10":0,"11":0,"12":0,"13":0,"14":0,"15":0,"16":0,"17":0,"18":0,"19":0,"20":1},"b":{"1":[19,0],"2":[0,0],"3":[0,0],"4":[0,0]},"f":{"1":19,"2":0},"fnMap":{"1":{"name":"(anonymous_1)","line":14,"loc":{"start":{"line":14,"column":15},"end":{"line":14,"column":32}}},"2":{"name":"(anonymous_2)","line":41,"loc":{"start":{"line":41,"column":15},"end":{"line":41,"column":32}}}},"statementMap":{"1":{"start":{"line":1,"column":0},"end":{"line":1,"column":36}},"2":{"start":{"line":2,"column":0},"end":{"line":2,"column":39}},"3":{"start":{"line":4,"column":0},"end":{"line":4,"column":24}},"4":{"start":{"line":15,"column":4},"end":{"line":15,"column":48}},"5":{"start":{"line":16,"column":4},"end":{"line":21,"column":5}},"6":{"start":{"line":17,"column":6},"end":{"line":20,"column":9}},"7":{"start":{"line":22,"column":4},"end":{"line":31,"column":7}},"8":{"start":{"line":23,"column":6},"end":{"line":28,"column":7}},"9":{"start":{"line":24,"column":8},"end":{"line":27,"column":11}},"10":{"start":{"line":29,"column":6},"end":{"line":29,"column":28}},"11":{"start":{"line":30,"column":6},"end":{"line":30,"column":13}},"12":{"start":{"line":42,"column":4},"end":{"line":60,"column":78}},"13":{"start":{"line":46,"column":8},"end":{"line":50,"column":9}},"14":{"start":{"line":47,"column":10},"end":{"line":49,"column":13}},"15":{"start":{"line":52,"column":8},"end":{"line":56,"column":9}},"16":{"start":{"line":53,"column":10},"end":{"line":55,"column":13}},"17":{"start":{"line":58,"column":8},"end":{"line":58,"column":22}},"18":{"start":{"line":60,"column":26},"end":{"line":60,"column":45}},"19":{"start":{"line":60,"column":46},"end":{"line":60,"column":74}},"20":{"start":{"line":65,"column":0},"end":{"line":65,"column":36}}},"branchMap":{"1":{"line":16,"type":"if","locations":[{"start":{"line":16,"column":4},"end":{"line":16,"column":4}},{"start":{"line":16,"column":4},"end":{"line":16,"column":4}}]},"2":{"line":23,"type":"if","locations":[{"start":{"line":23,"column":6},"end":{"line":23,"column":6}},{"start":{"line":23,"column":6},"end":{"line":23,"column":6}}]},"3":{"line":46,"type":"if","locations":[{"start":{"line":46,"column":8},"end":{"line":46,"column":8}},{"start":{"line":46,"column":8},"end":{"line":46,"column":8}}]},"4":{"line":52,"type":"if","locations":[{"start":{"line":52,"column":8},"end":{"line":52,"column":8}},{"start":{"line":52,"column":8},"end":{"line":52,"column":8}}]}}},"/Users/juliemugira/projects/document_management/server/routes/roles.route.js":{"path":"/Users/juliemugira/projects/document_management/server/routes/roles.route.js","s":{"1":1,"2":1,"3":1,"4":1,"5":1,"6":1},"b":{},"f":{},"fnMap":{},"statementMap":{"1":{"start":{"line":1,"column":0},"end":{"line":1,"column":43}},"2":{"start":{"line":2,"column":0},"end":{"line":2,"column":55}},"3":{"start":{"line":3,"column":0},"end":{"line":3,"column":65}},"4":{"start":{"line":5,"column":0},"end":{"line":5,"column":67}},"5":{"start":{"line":7,"column":0},"end":{"line":9,"column":18}},"6":{"start":{"line":11,"column":0},"end":{"line":11,"column":35}}},"branchMap":{}},"/Users/juliemugira/projects/document_management/server/routes/users.route.js":{"path":"/Users/juliemugira/projects/document_management/server/routes/users.route.js","s":{"1":1,"2":1,"3":1,"4":1,"5":1,"6":1,"7":1,"8":1,"9":1,"10":1},"b":{},"f":{},"fnMap":{},"statementMap":{"1":{"start":{"line":1,"column":0},"end":{"line":1,"column":43}},"2":{"start":{"line":2,"column":0},"end":{"line":2,"column":55}},"3":{"start":{"line":3,"column":0},"end":{"line":3,"column":65}},"4":{"start":{"line":6,"column":0},"end":{"line":8,"column":74}},"5":{"start":{"line":11,"column":0},"end":{"line":12,"column":74}},"6":{"start":{"line":15,"column":0},"end":{"line":18,"column":76}},"7":{"start":{"line":21,"column":0},"end":{"line":22,"column":80}},"8":{"start":{"line":24,"column":0},"end":{"line":25,"column":20}},"9":{"start":{"line":27,"column":0},"end":{"line":28,"column":49}},"10":{"start":{"line":30,"column":0},"end":{"line":30,"column":35}}},"branchMap":{}}}