TN:
SF:/Users/juliemugira/projects/document_management/app.js
FNF:0
FNH:0
DA:1,1
DA:2,1
DA:3,1
DA:6,1
DA:9,1
DA:12,1
DA:13,1
DA:15,1
DA:17,1
LF:9
LH:9
BRF:0
BRH:0
end_of_record
TN:
SF:/Users/juliemugira/projects/document_management/server/routes/routes.js
FNF:0
FNH:0
DA:1,1
DA:2,1
DA:3,1
DA:5,1
DA:6,1
DA:7,1
DA:8,1
LF:7
LH:7
BRF:0
BRH:0
end_of_record
TN:
SF:/Users/juliemugira/projects/document_management/server/routes/documents.route.js
FNF:0
FNH:0
DA:1,1
DA:2,1
DA:3,1
DA:5,1
DA:8,1
DA:14,1
DA:21,1
DA:24,1
LF:8
LH:8
BRF:0
BRH:0
end_of_record
TN:
SF:/Users/juliemugira/projects/document_management/server/controllers/controllers.js
FNF:0
FNH:0
DA:1,1
DA:2,1
DA:3,1
DA:5,1
LF:4
LH:4
BRF:0
BRH:0
end_of_record
TN:
SF:/Users/juliemugira/projects/document_management/server/controllers/roles.js
FN:14,(anonymous_1)
FN:37,(anonymous_2)
FNF:2
FNH:0
FNDA:0,(anonymous_1)
FNDA:0,(anonymous_2)
DA:1,1
DA:2,1
DA:15,0
DA:16,0
DA:20,0
DA:23,0
DA:27,0
DA:38,0
DA:40,0
DA:41,0
DA:45,1
LF:11
LH:3
BRDA:15,1,0,0
BRDA:15,1,1,0
BRF:2
BRH:0
end_of_record
TN:
SF:/Users/juliemugira/projects/document_management/server/models/index.js
FNF:0
FNH:0
DA:1,1
DA:2,1
DA:3,1
DA:5,1
DA:6,1
DA:7,1
DA:8,1
DA:10,1
DA:11,1
DA:12,0
DA:14,1
DA:18,1
DA:21,4
DA:25,3
DA:26,3
DA:29,1
DA:30,3
DA:31,3
DA:35,1
DA:36,1
DA:38,1
LF:21
LH:20
BRDA:6,1,0,1
BRDA:6,1,1,0
BRDA:11,2,0,0
BRDA:11,2,1,1
BRDA:21,3,0,4
BRDA:21,3,1,4
BRDA:21,3,2,3
BRDA:30,4,0,3
BRDA:30,4,1,0
BRF:9
BRH:6
end_of_record
TN:
SF:/Users/juliemugira/projects/document_management/server/models/document.js
FNF:0
FNH:0
DA:3,1
DA:4,1
DA:23,1
DA:30,1
LF:4
LH:4
BRF:0
BRH:0
end_of_record
TN:
SF:/Users/juliemugira/projects/document_management/server/models/role.js
FNF:0
FNH:0
DA:3,1
DA:4,1
DA:13,1
DA:20,1
LF:4
LH:4
BRF:0
BRH:0
end_of_record
TN:
SF:/Users/juliemugira/projects/document_management/server/models/user.js
FNF:0
FNH:0
DA:3,1
DA:4,1
DA:34,1
DA:38,1
DA:45,1
LF:5
LH:5
BRF:0
BRH:0
end_of_record
TN:
SF:/Users/juliemugira/projects/document_management/server/helpers/controllerHelpers.js
FN:10,(anonymous_1)
FNF:1
FNH:0
FNDA:0,(anonymous_1)
DA:11,0
DA:12,0
DA:13,0
DA:14,0
DA:17,0
DA:18,0
DA:23,1
LF:7
LH:1
BRDA:13,1,0,0
BRDA:13,1,1,0
BRDA:13,2,0,0
BRDA:13,2,1,0
BRDA:17,3,0,0
BRDA:17,3,1,0
BRF:6
BRH:0
end_of_record
TN:
SF:/Users/juliemugira/projects/document_management/server/controllers/documents.js
FN:14,(anonymous_1)
FN:45,(anonymous_2)
FN:93,(anonymous_3)
FN:133,(anonymous_4)
FN:194,(anonymous_5)
FN:221,(anonymous_6)
FNF:6
FNH:0
FNDA:0,(anonymous_1)
FNDA:0,(anonymous_2)
FNDA:0,(anonymous_3)
FNDA:0,(anonymous_4)
FNDA:0,(anonymous_5)
FNDA:0,(anonymous_6)
DA:1,1
DA:2,1
DA:15,0
DA:17,0
DA:22,0
DA:30,0
DA:35,0
DA:46,0
DA:47,0
DA:48,0
DA:55,0
DA:56,0
DA:60,0
DA:62,0
DA:64,0
DA:65,0
DA:66,0
DA:74,0
DA:75,0
DA:79,0
DA:81,0
DA:94,0
DA:95,0
DA:98,0
DA:99,0
DA:103,0
DA:105,0
DA:106,0
DA:107,0
DA:115,0
DA:116,0
DA:120,0
DA:122,0
DA:134,0
DA:135,0
DA:136,0
DA:142,0
DA:143,0
DA:147,0
DA:149,0
DA:151,0
DA:153,0
DA:154,0
DA:155,0
DA:156,0
DA:157,0
DA:166,0
DA:167,0
DA:171,0
DA:173,0
DA:175,0
DA:181,0
DA:182,0
DA:195,0
DA:196,0
DA:200,0
DA:201,0
DA:208,0
DA:211,0
DA:222,0
DA:229,0
DA:230,0
DA:234,1
LF:63
LH:3
BRDA:15,1,0,0
BRDA:15,1,1,0
BRDA:26,2,0,0
BRDA:26,2,1,0
BRDA:46,3,0,0
BRDA:46,3,1,0
BRDA:47,4,0,0
BRDA:47,4,1,0
BRDA:55,5,0,0
BRDA:55,5,1,0
BRDA:64,6,0,0
BRDA:64,6,1,0
BRDA:65,7,0,0
BRDA:65,7,1,0
BRDA:74,8,0,0
BRDA:74,8,1,0
BRDA:94,9,0,0
BRDA:94,9,1,0
BRDA:98,10,0,0
BRDA:98,10,1,0
BRDA:106,11,0,0
BRDA:106,11,1,0
BRDA:115,12,0,0
BRDA:115,12,1,0
BRDA:134,13,0,0
BRDA:134,13,1,0
BRDA:135,14,0,0
BRDA:135,14,1,0
BRDA:135,15,0,0
BRDA:135,15,1,0
BRDA:142,16,0,0
BRDA:142,16,1,0
BRDA:155,17,0,0
BRDA:155,17,1,0
BRDA:156,18,0,0
BRDA:156,18,1,0
BRDA:156,19,0,0
BRDA:156,19,1,0
BRDA:166,20,0,0
BRDA:166,20,1,0
BRDA:195,21,0,0
BRDA:195,21,1,0
BRF:42
BRH:0
end_of_record
TN:
SF:/Users/juliemugira/projects/document_management/server/controllers/users.js
FN:19,(anonymous_1)
FN:46,(anonymous_2)
FN:80,(anonymous_3)
FN:96,(anonymous_4)
FN:128,(anonymous_5)
FN:149,(anonymous_6)
FN:177,(anonymous_7)
FN:199,(anonymous_8)
FNF:8
FNH:0
FNDA:0,(anonymous_1)
FNDA:0,(anonymous_2)
FNDA:0,(anonymous_3)
FNDA:0,(anonymous_4)
FNDA:0,(anonymous_5)
FNDA:0,(anonymous_6)
FNDA:0,(anonymous_7)
FNDA:0,(anonymous_8)
DA:1,1
DA:2,1
DA:3,1
DA:4,1
DA:6,1
DA:7,1
DA:20,0
DA:22,0
DA:27,0
DA:37,0
DA:42,0
DA:47,0
DA:48,0
DA:52,0
DA:56,0
DA:57,0
DA:58,0
DA:60,0
DA:61,0
DA:64,0
DA:70,0
DA:75,0
DA:81,0
DA:82,0
DA:97,0
DA:98,0
DA:104,0
DA:105,0
DA:109,0
DA:111,0
DA:113,0
DA:116,0
DA:118,0
DA:129,0
DA:132,0
DA:133,0
DA:137,0
DA:139,0
DA:150,0
DA:151,0
DA:156,0
DA:157,0
DA:164,0
DA:167,0
DA:178,0
DA:184,0
DA:186,0
DA:200,0
DA:201,0
DA:208,0
DA:209,0
DA:213,0
DA:215,0
DA:220,1
LF:54
LH:7
BRDA:20,1,0,0
BRDA:20,1,1,0
BRDA:34,2,0,0
BRDA:34,2,1,0
BRDA:47,3,0,0
BRDA:47,3,1,0
BRDA:56,4,0,0
BRDA:56,4,1,0
BRDA:58,5,0,0
BRDA:58,5,1,0
BRDA:60,6,0,0
BRDA:60,6,1,0
BRDA:97,7,0,0
BRDA:97,7,1,0
BRDA:97,8,0,0
BRDA:97,8,1,0
BRDA:104,9,0,0
BRDA:104,9,1,0
BRDA:132,10,0,0
BRDA:132,10,1,0
BRDA:150,11,0,0
BRDA:150,11,1,0
BRDA:200,12,0,0
BRDA:200,12,1,0
BRDA:208,13,0,0
BRDA:208,13,1,0
BRF:26
BRH:0
end_of_record
TN:
SF:/Users/juliemugira/projects/document_management/server/authentication/authentication.js
FN:14,(anonymous_1)
FN:41,(anonymous_2)
FNF:2
FNH:1
FNDA:19,(anonymous_1)
FNDA:0,(anonymous_2)
DA:1,1
DA:2,1
DA:4,1
DA:15,19
DA:16,19
DA:17,19
DA:22,0
DA:23,0
DA:24,0
DA:29,0
DA:30,0
DA:42,0
DA:46,0
DA:47,0
DA:52,0
DA:53,0
DA:58,0
DA:60,0
DA:65,1
LF:19
LH:7
BRDA:16,1,0,19
BRDA:16,1,1,0
BRDA:23,2,0,0
BRDA:23,2,1,0
BRDA:46,3,0,0
BRDA:46,3,1,0
BRDA:52,4,0,0
BRDA:52,4,1,0
BRF:8
BRH:1
end_of_record
TN:
SF:/Users/juliemugira/projects/document_management/server/routes/roles.route.js
FNF:0
FNH:0
DA:1,1
DA:2,1
DA:3,1
DA:5,1
DA:7,1
DA:11,1
LF:6
LH:6
BRF:0
BRH:0
end_of_record
TN:
SF:/Users/juliemugira/projects/document_management/server/routes/users.route.js
FNF:0
FNH:0
DA:1,1
DA:2,1
DA:3,1
DA:6,1
DA:11,1
DA:15,1
DA:21,1
DA:24,1
DA:27,1
DA:30,1
LF:10
LH:10
BRF:0
BRH:0
end_of_record
